2025-05-27 10:46:37,467 | INFO     | root | Loaded augmented DF from /Users/bbd03/projects/myownds/rnn_project/data/processed/augmentated_movies.pkl
2025-05-27 10:46:37,479 | INFO     | gensim.utils | loading KeyedVectors object from /Users/bbd03/projects/myownds/rnn_project/models/GoogleNews-vectors-negative300.kv
2025-05-27 10:46:38,442 | INFO     | gensim.utils | loading vectors from /Users/bbd03/projects/myownds/rnn_project/models/GoogleNews-vectors-negative300.kv.vectors.npy with mmap=None
2025-05-27 10:46:41,842 | INFO     | gensim.utils | KeyedVectors lifecycle event {'fname': '/Users/bbd03/projects/myownds/rnn_project/models/GoogleNews-vectors-negative300.kv', 'datetime': '2025-05-27T10:46:41.370725', 'gensim': '4.3.2', 'python': '3.10.5 (main, May  1 2024, 15:17:15) [Clang 15.0.0 (clang-1500.3.9.4)]', 'platform': 'macOS-14.0-arm64-arm-64bit', 'event': 'loaded'}
2025-05-27 10:46:45,116 | INFO     | scripts.train | 🚀 Starting training
2025-05-27 11:02:32,962 | INFO     | scripts.train | [Train] b= 100  loss=3.0582  acc=0.070  lr=5.00e-04
2025-05-27 11:02:32,967 | INFO     | scripts.train | grads>>>lstm.weight_ih_l0              | grad-norm = 0.0855
2025-05-27 11:02:32,967 | INFO     | scripts.train | grads>>>lstm.weight_hh_l0              | grad-norm = 0.1237
2025-05-27 11:02:32,967 | INFO     | scripts.train | grads>>>lstm.bias_ih_l0                | grad-norm = 0.0466
2025-05-27 11:02:32,967 | INFO     | scripts.train | grads>>>lstm.bias_hh_l0                | grad-norm = 0.0466
2025-05-27 11:02:32,967 | INFO     | scripts.train | grads>>>fc.weight                      | grad-norm = 0.2255
2025-05-27 11:02:32,967 | INFO     | scripts.train | grads>>>fc.bias                        | grad-norm = 0.0732
2025-05-27 11:02:32,967 | INFO     | scripts.train | grads>>> after batch 100
2025-05-27 11:15:28,807 | INFO     | scripts.train | [Train] b= 200  loss=3.1140  acc=0.062  lr=5.00e-04
2025-05-27 11:15:28,810 | INFO     | scripts.train | grads>>>lstm.weight_ih_l0              | grad-norm = 0.0619
2025-05-27 11:15:28,810 | INFO     | scripts.train | grads>>>lstm.weight_hh_l0              | grad-norm = 0.0512
2025-05-27 11:15:28,810 | INFO     | scripts.train | grads>>>lstm.bias_ih_l0                | grad-norm = 0.0189
2025-05-27 11:15:28,811 | INFO     | scripts.train | grads>>>lstm.bias_hh_l0                | grad-norm = 0.0189
2025-05-27 11:15:28,811 | INFO     | scripts.train | grads>>>fc.weight                      | grad-norm = 0.2861
2025-05-27 11:15:28,811 | INFO     | scripts.train | grads>>>fc.bias                        | grad-norm = 0.0957
2025-05-27 11:15:28,811 | INFO     | scripts.train | grads>>> after batch 200
2025-05-27 11:27:27,957 | INFO     | scripts.train | [Train] b= 300  loss=3.1203  acc=0.133  lr=5.00e-04
2025-05-27 11:27:27,960 | INFO     | scripts.train | grads>>>lstm.weight_ih_l0              | grad-norm = 0.0783
2025-05-27 11:27:27,960 | INFO     | scripts.train | grads>>>lstm.weight_hh_l0              | grad-norm = 0.1342
2025-05-27 11:27:27,960 | INFO     | scripts.train | grads>>>lstm.bias_ih_l0                | grad-norm = 0.0430
2025-05-27 11:27:27,960 | INFO     | scripts.train | grads>>>lstm.bias_hh_l0                | grad-norm = 0.0430
2025-05-27 11:27:27,960 | INFO     | scripts.train | grads>>>fc.weight                      | grad-norm = 0.2937
2025-05-27 11:27:27,960 | INFO     | scripts.train | grads>>>fc.bias                        | grad-norm = 0.0844
2025-05-27 11:27:27,961 | INFO     | scripts.train | grads>>> after batch 300
2025-05-27 11:36:48,806 | INFO     | scripts.train | [Train] b= 400  loss=2.9402  acc=0.086  lr=5.00e-04
2025-05-27 11:36:48,808 | INFO     | scripts.train | grads>>>lstm.weight_ih_l0              | grad-norm = 0.1054
2025-05-27 11:36:48,809 | INFO     | scripts.train | grads>>>lstm.weight_hh_l0              | grad-norm = 0.1426
2025-05-27 11:36:48,809 | INFO     | scripts.train | grads>>>lstm.bias_ih_l0                | grad-norm = 0.0480
2025-05-27 11:36:48,809 | INFO     | scripts.train | grads>>>lstm.bias_hh_l0                | grad-norm = 0.0480
2025-05-27 11:36:48,809 | INFO     | scripts.train | grads>>>fc.weight                      | grad-norm = 0.3415
2025-05-27 11:36:48,809 | INFO     | scripts.train | grads>>>fc.bias                        | grad-norm = 0.1063
2025-05-27 11:36:48,809 | INFO     | scripts.train | grads>>> after batch 400
2025-05-27 11:44:42,655 | INFO     | scripts.train | [Train] b= 500  loss=3.1220  acc=0.117  lr=5.00e-04
2025-05-27 11:44:42,657 | INFO     | scripts.train | grads>>>lstm.weight_ih_l0              | grad-norm = 0.1350
2025-05-27 11:44:42,657 | INFO     | scripts.train | grads>>>lstm.weight_hh_l0              | grad-norm = 0.1080
2025-05-27 11:44:42,657 | INFO     | scripts.train | grads>>>lstm.bias_ih_l0                | grad-norm = 0.0352
2025-05-27 11:44:42,657 | INFO     | scripts.train | grads>>>lstm.bias_hh_l0                | grad-norm = 0.0352
2025-05-27 11:44:42,657 | INFO     | scripts.train | grads>>>fc.weight                      | grad-norm = 0.3170
2025-05-27 11:44:42,657 | INFO     | scripts.train | grads>>>fc.bias                        | grad-norm = 0.1012
2025-05-27 11:44:42,658 | INFO     | scripts.train | grads>>> after batch 500
2025-05-27 11:52:45,834 | INFO     | scripts.train | [Train] b= 600  loss=3.0538  acc=0.172  lr=5.00e-04
2025-05-27 11:52:45,837 | INFO     | scripts.train | grads>>>lstm.weight_ih_l0              | grad-norm = 0.2471
2025-05-27 11:52:45,837 | INFO     | scripts.train | grads>>>lstm.weight_hh_l0              | grad-norm = 0.4220
2025-05-27 11:52:45,837 | INFO     | scripts.train | grads>>>lstm.bias_ih_l0                | grad-norm = 0.2127
2025-05-27 11:52:45,837 | INFO     | scripts.train | grads>>>lstm.bias_hh_l0                | grad-norm = 0.2127
2025-05-27 11:52:45,837 | INFO     | scripts.train | grads>>>fc.weight                      | grad-norm = 0.3617
2025-05-27 11:52:45,838 | INFO     | scripts.train | grads>>>fc.bias                        | grad-norm = 0.0917
2025-05-27 11:52:45,838 | INFO     | scripts.train | grads>>> after batch 600
2025-05-27 12:00:01,256 | INFO     | scripts.train | [Train] b= 700  loss=3.2000  acc=0.109  lr=5.00e-04
2025-05-27 12:00:01,257 | INFO     | scripts.train | grads>>>lstm.weight_ih_l0              | grad-norm = 0.1950
2025-05-27 12:00:01,258 | INFO     | scripts.train | grads>>>lstm.weight_hh_l0              | grad-norm = 0.4952
2025-05-27 12:00:01,258 | INFO     | scripts.train | grads>>>lstm.bias_ih_l0                | grad-norm = 0.1627
2025-05-27 12:00:01,258 | INFO     | scripts.train | grads>>>lstm.bias_hh_l0                | grad-norm = 0.1627
2025-05-27 12:00:01,258 | INFO     | scripts.train | grads>>>fc.weight                      | grad-norm = 0.6410
2025-05-27 12:00:01,258 | INFO     | scripts.train | grads>>>fc.bias                        | grad-norm = 0.1683
2025-05-27 12:00:01,258 | INFO     | scripts.train | grads>>> after batch 700
2025-05-27 12:06:22,606 | INFO     | scripts.train | [Train] b= 800  loss=2.8293  acc=0.211  lr=5.00e-04
2025-05-27 12:06:22,608 | INFO     | scripts.train | grads>>>lstm.weight_ih_l0              | grad-norm = 0.2020
2025-05-27 12:06:22,608 | INFO     | scripts.train | grads>>>lstm.weight_hh_l0              | grad-norm = 0.4504
2025-05-27 12:06:22,608 | INFO     | scripts.train | grads>>>lstm.bias_ih_l0                | grad-norm = 0.2275
2025-05-27 12:06:22,608 | INFO     | scripts.train | grads>>>lstm.bias_hh_l0                | grad-norm = 0.2275
2025-05-27 12:06:22,608 | INFO     | scripts.train | grads>>>fc.weight                      | grad-norm = 0.3012
2025-05-27 12:06:22,608 | INFO     | scripts.train | grads>>>fc.bias                        | grad-norm = 0.0938
2025-05-27 12:06:22,608 | INFO     | scripts.train | grads>>> after batch 800
2025-05-27 12:12:51,560 | INFO     | scripts.train | [Train] b= 900  loss=2.8926  acc=0.156  lr=5.00e-04
2025-05-27 12:12:51,562 | INFO     | scripts.train | grads>>>lstm.weight_ih_l0              | grad-norm = 0.8846
2025-05-27 12:12:51,563 | INFO     | scripts.train | grads>>>lstm.weight_hh_l0              | grad-norm = 2.2689
2025-05-27 12:12:51,563 | INFO     | scripts.train | grads>>>lstm.bias_ih_l0                | grad-norm = 0.7813
2025-05-27 12:12:51,563 | INFO     | scripts.train | grads>>>lstm.bias_hh_l0                | grad-norm = 0.7813
2025-05-27 12:12:51,563 | INFO     | scripts.train | grads>>>fc.weight                      | grad-norm = 0.2997
2025-05-27 12:12:51,563 | INFO     | scripts.train | grads>>>fc.bias                        | grad-norm = 0.0975
2025-05-27 12:12:51,563 | INFO     | scripts.train | grads>>> after batch 900
2025-05-27 12:16:02,269 | INFO     | scripts.train | ✅ Epoch  1 — train_loss=3.0139
2025-05-27 12:17:01,094 | INFO     | scripts.train | [Eval] loss=2.8846  acc=0.1583  f1=0.0333
2025-05-27 12:17:01,095 | INFO     | scripts.train |   cls  0 | Rcl=0.963  Prc=0.131  Acc=0.963
2025-05-27 12:17:01,095 | INFO     | scripts.train |   cls  1 | Rcl=0.000  Prc=0.000  Acc=0.000
2025-05-27 12:17:01,095 | INFO     | scripts.train |   cls  2 | Rcl=0.000  Prc=0.000  Acc=0.000
2025-05-27 12:17:01,095 | INFO     | scripts.train |   cls  3 | Rcl=0.241  Prc=0.163  Acc=0.241
2025-05-27 12:17:01,095 | INFO     | scripts.train |   cls  4 | Rcl=0.000  Prc=0.000  Acc=0.000
2025-05-27 12:17:01,095 | INFO     | scripts.train |   cls  5 | Rcl=0.000  Prc=0.000  Acc=0.000
2025-05-27 12:17:01,095 | INFO     | scripts.train |   cls  6 | Rcl=0.000  Prc=0.000  Acc=0.000
2025-05-27 12:17:01,095 | INFO     | scripts.train |   cls  7 | Rcl=0.000  Prc=0.000  Acc=0.000
2025-05-27 12:17:01,095 | INFO     | scripts.train |   cls  8 | Rcl=0.000  Prc=0.000  Acc=0.000
2025-05-27 12:17:01,095 | INFO     | scripts.train |   cls  9 | Rcl=0.000  Prc=0.000  Acc=0.000
2025-05-27 12:17:01,095 | INFO     | scripts.train |   cls 10 | Rcl=0.000  Prc=0.000  Acc=0.000
2025-05-27 12:17:01,095 | INFO     | scripts.train |   cls 11 | Rcl=0.000  Prc=0.000  Acc=0.000
2025-05-27 12:17:01,095 | INFO     | scripts.train |   cls 12 | Rcl=0.000  Prc=0.000  Acc=0.000
2025-05-27 12:17:01,095 | INFO     | scripts.train |   cls 13 | Rcl=0.000  Prc=0.000  Acc=0.000
2025-05-27 12:17:01,095 | INFO     | scripts.train |   cls 14 | Rcl=0.570  Prc=0.405  Acc=0.570
2025-05-27 12:17:01,095 | INFO     | scripts.train |   cls 15 | Rcl=0.000  Prc=0.000  Acc=0.000
2025-05-27 12:17:01,095 | INFO     | scripts.train |   cls 16 | Rcl=0.000  Prc=0.000  Acc=0.000
2025-05-27 12:17:01,095 | INFO     | scripts.train |   cls 17 | Rcl=0.000  Prc=0.000  Acc=0.000
2025-05-27 12:17:01,095 | INFO     | scripts.train |   cls 18 | Rcl=0.000  Prc=0.000  Acc=0.000
2025-05-27 12:17:01,095 | INFO     | scripts.train |   cls 19 | Rcl=0.000  Prc=0.000  Acc=0.000
2025-05-27 12:17:01,095 | INFO     | scripts.train |   cls 20 | Rcl=0.000  Prc=0.000  Acc=0.000
2025-05-27 12:17:01,095 | INFO     | scripts.train |   cls 21 | Rcl=0.000  Prc=0.000  Acc=0.000
2025-05-27 12:17:01,095 | INFO     | scripts.train |   cls 22 | Rcl=0.000  Prc=0.000  Acc=0.000
2025-05-27 12:17:01,096 | INFO     | scripts.train |   cls 23 | Rcl=0.000  Prc=0.000  Acc=0.000
2025-05-27 12:17:01,096 | INFO     | scripts.train |   cls 24 | Rcl=0.000  Prc=0.000  Acc=0.000
2025-05-27 12:17:01,096 | INFO     | scripts.train |   cls 25 | Rcl=0.000  Prc=0.000  Acc=0.000
2025-05-27 12:17:01,096 | INFO     | scripts.train |   cls 26 | Rcl=0.000  Prc=0.000  Acc=0.000
2025-05-27 12:17:01,097 | INFO     | scripts.train | 🔎 Epoch  1 — val_loss=2.8846  val_acc=0.1583  val_f1=0.0333
2025-05-27 12:24:02,339 | INFO     | scripts.train | [Train] b= 100  loss=2.8967  acc=0.156  lr=5.00e-04
2025-05-27 12:24:02,342 | INFO     | scripts.train | grads>>>lstm.weight_ih_l0              | grad-norm = 0.5663
2025-05-27 12:24:02,342 | INFO     | scripts.train | grads>>>lstm.weight_hh_l0              | grad-norm = 1.5781
2025-05-27 12:24:02,342 | INFO     | scripts.train | grads>>>lstm.bias_ih_l0                | grad-norm = 0.7083
2025-05-27 12:24:02,342 | INFO     | scripts.train | grads>>>lstm.bias_hh_l0                | grad-norm = 0.7083
2025-05-27 12:24:02,342 | INFO     | scripts.train | grads>>>fc.weight                      | grad-norm = 0.2990
2025-05-27 12:24:02,342 | INFO     | scripts.train | grads>>>fc.bias                        | grad-norm = 0.1064
2025-05-27 12:24:02,342 | INFO     | scripts.train | grads>>> after batch 100
2025-05-27 12:30:21,528 | INFO     | scripts.train | [Train] b= 200  loss=2.8081  acc=0.188  lr=5.00e-04
2025-05-27 12:30:21,530 | INFO     | scripts.train | grads>>>lstm.weight_ih_l0              | grad-norm = 1.0201
2025-05-27 12:30:21,530 | INFO     | scripts.train | grads>>>lstm.weight_hh_l0              | grad-norm = 4.3139
2025-05-27 12:30:21,530 | INFO     | scripts.train | grads>>>lstm.bias_ih_l0                | grad-norm = 1.1966
2025-05-27 12:30:21,530 | INFO     | scripts.train | grads>>>lstm.bias_hh_l0                | grad-norm = 1.1966
2025-05-27 12:30:21,530 | INFO     | scripts.train | grads>>>fc.weight                      | grad-norm = 0.3452
2025-05-27 12:30:21,530 | INFO     | scripts.train | grads>>>fc.bias                        | grad-norm = 0.0764
2025-05-27 12:30:21,530 | INFO     | scripts.train | grads>>> after batch 200
2025-05-27 12:36:16,164 | INFO     | scripts.train | [Train] b= 300  loss=2.8046  acc=0.109  lr=5.00e-04
2025-05-27 12:36:16,166 | INFO     | scripts.train | grads>>>lstm.weight_ih_l0              | grad-norm = 0.6194
2025-05-27 12:36:16,166 | INFO     | scripts.train | grads>>>lstm.weight_hh_l0              | grad-norm = 2.1200
2025-05-27 12:36:16,166 | INFO     | scripts.train | grads>>>lstm.bias_ih_l0                | grad-norm = 0.6468
2025-05-27 12:36:16,166 | INFO     | scripts.train | grads>>>lstm.bias_hh_l0                | grad-norm = 0.6468
2025-05-27 12:36:16,166 | INFO     | scripts.train | grads>>>fc.weight                      | grad-norm = 0.4483
2025-05-27 12:36:16,166 | INFO     | scripts.train | grads>>>fc.bias                        | grad-norm = 0.1062
2025-05-27 12:36:16,166 | INFO     | scripts.train | grads>>> after batch 300
2025-05-27 12:42:09,439 | INFO     | scripts.train | [Train] b= 400  loss=2.9159  acc=0.148  lr=5.00e-04
2025-05-27 12:42:09,441 | INFO     | scripts.train | grads>>>lstm.weight_ih_l0              | grad-norm = 1.6699
2025-05-27 12:42:09,441 | INFO     | scripts.train | grads>>>lstm.weight_hh_l0              | grad-norm = 7.1219
2025-05-27 12:42:09,441 | INFO     | scripts.train | grads>>>lstm.bias_ih_l0                | grad-norm = 2.2798
2025-05-27 12:42:09,441 | INFO     | scripts.train | grads>>>lstm.bias_hh_l0                | grad-norm = 2.2798
2025-05-27 12:42:09,441 | INFO     | scripts.train | grads>>>fc.weight                      | grad-norm = 0.2981
2025-05-27 12:42:09,441 | INFO     | scripts.train | grads>>>fc.bias                        | grad-norm = 0.0806
2025-05-27 12:42:09,441 | INFO     | scripts.train | grads>>> after batch 400
2025-05-27 12:48:15,350 | INFO     | scripts.train | [Train] b= 500  loss=2.6861  acc=0.156  lr=5.00e-04
2025-05-27 12:48:15,351 | INFO     | scripts.train | grads>>>lstm.weight_ih_l0              | grad-norm = 0.7341
2025-05-27 12:48:15,352 | INFO     | scripts.train | grads>>>lstm.weight_hh_l0              | grad-norm = 2.7039
2025-05-27 12:48:15,352 | INFO     | scripts.train | grads>>>lstm.bias_ih_l0                | grad-norm = 0.7143
2025-05-27 12:48:15,352 | INFO     | scripts.train | grads>>>lstm.bias_hh_l0                | grad-norm = 0.7143
2025-05-27 12:48:15,352 | INFO     | scripts.train | grads>>>fc.weight                      | grad-norm = 0.4165
2025-05-27 12:48:15,352 | INFO     | scripts.train | grads>>>fc.bias                        | grad-norm = 0.0751
2025-05-27 12:48:15,352 | INFO     | scripts.train | grads>>> after batch 500
2025-05-27 12:54:15,260 | INFO     | scripts.train | [Train] b= 600  loss=2.7667  acc=0.211  lr=5.00e-04
2025-05-27 12:54:15,262 | INFO     | scripts.train | grads>>>lstm.weight_ih_l0              | grad-norm = 1.6653
2025-05-27 12:54:15,262 | INFO     | scripts.train | grads>>>lstm.weight_hh_l0              | grad-norm = 7.2038
2025-05-27 12:54:15,262 | INFO     | scripts.train | grads>>>lstm.bias_ih_l0                | grad-norm = 2.1473
2025-05-27 12:54:15,262 | INFO     | scripts.train | grads>>>lstm.bias_hh_l0                | grad-norm = 2.1473
2025-05-27 12:54:15,262 | INFO     | scripts.train | grads>>>fc.weight                      | grad-norm = 0.3240
2025-05-27 12:54:15,262 | INFO     | scripts.train | grads>>>fc.bias                        | grad-norm = 0.0714
2025-05-27 12:54:15,262 | INFO     | scripts.train | grads>>> after batch 600
2025-05-27 12:59:46,529 | INFO     | scripts.train | [Train] b= 700  loss=2.6087  acc=0.219  lr=5.00e-04
2025-05-27 12:59:46,531 | INFO     | scripts.train | grads>>>lstm.weight_ih_l0              | grad-norm = 0.6301
2025-05-27 12:59:46,531 | INFO     | scripts.train | grads>>>lstm.weight_hh_l0              | grad-norm = 2.2928
2025-05-27 12:59:46,531 | INFO     | scripts.train | grads>>>lstm.bias_ih_l0                | grad-norm = 0.7743
2025-05-27 12:59:46,531 | INFO     | scripts.train | grads>>>lstm.bias_hh_l0                | grad-norm = 0.7743
2025-05-27 12:59:46,531 | INFO     | scripts.train | grads>>>fc.weight                      | grad-norm = 0.3739
2025-05-27 12:59:46,531 | INFO     | scripts.train | grads>>>fc.bias                        | grad-norm = 0.0888
2025-05-27 12:59:46,531 | INFO     | scripts.train | grads>>> after batch 700
2025-05-27 13:05:41,237 | INFO     | scripts.train | [Train] b= 800  loss=2.5472  acc=0.219  lr=5.00e-04
2025-05-27 13:05:41,238 | INFO     | scripts.train | grads>>>lstm.weight_ih_l0              | grad-norm = 0.6505
2025-05-27 13:05:41,238 | INFO     | scripts.train | grads>>>lstm.weight_hh_l0              | grad-norm = 2.6365
2025-05-27 13:05:41,239 | INFO     | scripts.train | grads>>>lstm.bias_ih_l0                | grad-norm = 0.6753
2025-05-27 13:05:41,239 | INFO     | scripts.train | grads>>>lstm.bias_hh_l0                | grad-norm = 0.6753
2025-05-27 13:05:41,239 | INFO     | scripts.train | grads>>>fc.weight                      | grad-norm = 0.3980
2025-05-27 13:05:41,239 | INFO     | scripts.train | grads>>>fc.bias                        | grad-norm = 0.0903
2025-05-27 13:05:41,239 | INFO     | scripts.train | grads>>> after batch 800
2025-05-27 13:11:50,984 | INFO     | scripts.train | [Train] b= 900  loss=2.6806  acc=0.195  lr=5.00e-04
2025-05-27 13:11:50,985 | INFO     | scripts.train | grads>>>lstm.weight_ih_l0              | grad-norm = 1.1747
2025-05-27 13:11:50,986 | INFO     | scripts.train | grads>>>lstm.weight_hh_l0              | grad-norm = 4.7536
2025-05-27 13:11:50,986 | INFO     | scripts.train | grads>>>lstm.bias_ih_l0                | grad-norm = 1.4214
2025-05-27 13:11:50,986 | INFO     | scripts.train | grads>>>lstm.bias_hh_l0                | grad-norm = 1.4214
2025-05-27 13:11:50,986 | INFO     | scripts.train | grads>>>fc.weight                      | grad-norm = 0.3911
2025-05-27 13:11:50,986 | INFO     | scripts.train | grads>>>fc.bias                        | grad-norm = 0.0811
2025-05-27 13:11:50,986 | INFO     | scripts.train | grads>>> after batch 900
2025-05-27 13:14:12,545 | INFO     | scripts.train | ✅ Epoch  2 — train_loss=2.7238
2025-05-27 13:15:09,267 | INFO     | scripts.train | [Eval] loss=2.6451  acc=0.2117  f1=0.0420
2025-05-27 13:15:09,268 | INFO     | scripts.train |   cls  0 | Rcl=0.785  Prc=0.148  Acc=0.785
2025-05-27 13:15:09,268 | INFO     | scripts.train |   cls  1 | Rcl=0.000  Prc=0.000  Acc=0.000
2025-05-27 13:15:09,268 | INFO     | scripts.train |   cls  2 | Rcl=0.000  Prc=0.000  Acc=0.000
2025-05-27 13:15:09,268 | INFO     | scripts.train |   cls  3 | Rcl=0.793  Prc=0.268  Acc=0.793
2025-05-27 13:15:09,268 | INFO     | scripts.train |   cls  4 | Rcl=0.000  Prc=0.000  Acc=0.000
2025-05-27 13:15:09,268 | INFO     | scripts.train |   cls  5 | Rcl=0.000  Prc=0.000  Acc=0.000
2025-05-27 13:15:09,268 | INFO     | scripts.train |   cls  6 | Rcl=0.000  Prc=0.000  Acc=0.000
2025-05-27 13:15:09,268 | INFO     | scripts.train |   cls  7 | Rcl=0.000  Prc=0.000  Acc=0.000
2025-05-27 13:15:09,268 | INFO     | scripts.train |   cls  8 | Rcl=0.000  Prc=0.000  Acc=0.000
2025-05-27 13:15:09,268 | INFO     | scripts.train |   cls  9 | Rcl=0.000  Prc=0.000  Acc=0.000
2025-05-27 13:15:09,268 | INFO     | scripts.train |   cls 10 | Rcl=0.000  Prc=0.000  Acc=0.000
2025-05-27 13:15:09,268 | INFO     | scripts.train |   cls 11 | Rcl=0.000  Prc=0.000  Acc=0.000
2025-05-27 13:15:09,268 | INFO     | scripts.train |   cls 12 | Rcl=0.000  Prc=0.000  Acc=0.000
2025-05-27 13:15:09,268 | INFO     | scripts.train |   cls 13 | Rcl=0.000  Prc=0.000  Acc=0.000
2025-05-27 13:15:09,268 | INFO     | scripts.train |   cls 14 | Rcl=0.857  Prc=0.338  Acc=0.857
2025-05-27 13:15:09,268 | INFO     | scripts.train |   cls 15 | Rcl=0.000  Prc=0.000  Acc=0.000
2025-05-27 13:15:09,269 | INFO     | scripts.train |   cls 16 | Rcl=0.000  Prc=0.000  Acc=0.000
2025-05-27 13:15:09,269 | INFO     | scripts.train |   cls 17 | Rcl=0.000  Prc=0.000  Acc=0.000
2025-05-27 13:15:09,269 | INFO     | scripts.train |   cls 18 | Rcl=0.000  Prc=0.000  Acc=0.000
2025-05-27 13:15:09,269 | INFO     | scripts.train |   cls 19 | Rcl=0.000  Prc=0.000  Acc=0.000
2025-05-27 13:15:09,269 | INFO     | scripts.train |   cls 20 | Rcl=0.000  Prc=0.000  Acc=0.000
2025-05-27 13:15:09,269 | INFO     | scripts.train |   cls 21 | Rcl=0.000  Prc=0.000  Acc=0.000
2025-05-27 13:15:09,269 | INFO     | scripts.train |   cls 22 | Rcl=0.000  Prc=0.000  Acc=0.000
2025-05-27 13:15:09,269 | INFO     | scripts.train |   cls 23 | Rcl=0.000  Prc=0.000  Acc=0.000
2025-05-27 13:15:09,269 | INFO     | scripts.train |   cls 24 | Rcl=0.000  Prc=0.000  Acc=0.000
2025-05-27 13:15:09,269 | INFO     | scripts.train |   cls 25 | Rcl=0.000  Prc=0.000  Acc=0.000
2025-05-27 13:15:09,269 | INFO     | scripts.train |   cls 26 | Rcl=0.000  Prc=0.000  Acc=0.000
2025-05-27 13:15:09,270 | INFO     | scripts.train | 🔎 Epoch  2 — val_loss=2.6451  val_acc=0.2117  val_f1=0.0420
2025-05-27 13:21:07,057 | INFO     | scripts.train | [Train] b= 100  loss=2.6222  acc=0.266  lr=5.00e-04
2025-05-27 13:21:07,059 | INFO     | scripts.train | grads>>>lstm.weight_ih_l0              | grad-norm = 1.3995
2025-05-27 13:21:07,059 | INFO     | scripts.train | grads>>>lstm.weight_hh_l0              | grad-norm = 7.4086
2025-05-27 13:21:07,059 | INFO     | scripts.train | grads>>>lstm.bias_ih_l0                | grad-norm = 1.8749
2025-05-27 13:21:07,059 | INFO     | scripts.train | grads>>>lstm.bias_hh_l0                | grad-norm = 1.8749
2025-05-27 13:21:07,060 | INFO     | scripts.train | grads>>>fc.weight                      | grad-norm = 0.3443
2025-05-27 13:21:07,060 | INFO     | scripts.train | grads>>>fc.bias                        | grad-norm = 0.0715
2025-05-27 13:21:07,060 | INFO     | scripts.train | grads>>> after batch 100
2025-05-27 13:27:01,121 | INFO     | scripts.train | [Train] b= 200  loss=2.6611  acc=0.211  lr=5.00e-04
2025-05-27 13:27:01,122 | INFO     | scripts.train | grads>>>lstm.weight_ih_l0              | grad-norm = 1.5111
2025-05-27 13:27:01,122 | INFO     | scripts.train | grads>>>lstm.weight_hh_l0              | grad-norm = 6.2503
2025-05-27 13:27:01,123 | INFO     | scripts.train | grads>>>lstm.bias_ih_l0                | grad-norm = 1.9977
2025-05-27 13:27:01,123 | INFO     | scripts.train | grads>>>lstm.bias_hh_l0                | grad-norm = 1.9977
2025-05-27 13:27:01,123 | INFO     | scripts.train | grads>>>fc.weight                      | grad-norm = 0.4153
2025-05-27 13:27:01,123 | INFO     | scripts.train | grads>>>fc.bias                        | grad-norm = 0.0966
2025-05-27 13:27:01,123 | INFO     | scripts.train | grads>>> after batch 200
2025-05-27 13:32:50,252 | INFO     | scripts.train | [Train] b= 300  loss=2.6940  acc=0.188  lr=5.00e-04
2025-05-27 13:32:50,254 | INFO     | scripts.train | grads>>>lstm.weight_ih_l0              | grad-norm = 1.5411
2025-05-27 13:32:50,254 | INFO     | scripts.train | grads>>>lstm.weight_hh_l0              | grad-norm = 7.3165
2025-05-27 13:32:50,254 | INFO     | scripts.train | grads>>>lstm.bias_ih_l0                | grad-norm = 1.9949
2025-05-27 13:32:50,254 | INFO     | scripts.train | grads>>>lstm.bias_hh_l0                | grad-norm = 1.9949
2025-05-27 13:32:50,254 | INFO     | scripts.train | grads>>>fc.weight                      | grad-norm = 0.3591
2025-05-27 13:32:50,254 | INFO     | scripts.train | grads>>>fc.bias                        | grad-norm = 0.0730
2025-05-27 13:32:50,254 | INFO     | scripts.train | grads>>> after batch 300
2025-05-27 13:38:47,070 | INFO     | scripts.train | [Train] b= 400  loss=2.4178  acc=0.258  lr=5.00e-04
2025-05-27 13:38:47,073 | INFO     | scripts.train | grads>>>lstm.weight_ih_l0              | grad-norm = 0.6949
2025-05-27 13:38:47,073 | INFO     | scripts.train | grads>>>lstm.weight_hh_l0              | grad-norm = 3.3035
2025-05-27 13:38:47,073 | INFO     | scripts.train | grads>>>lstm.bias_ih_l0                | grad-norm = 0.6082
2025-05-27 13:38:47,073 | INFO     | scripts.train | grads>>>lstm.bias_hh_l0                | grad-norm = 0.6082
2025-05-27 13:38:47,074 | INFO     | scripts.train | grads>>>fc.weight                      | grad-norm = 0.5322
2025-05-27 13:38:47,074 | INFO     | scripts.train | grads>>>fc.bias                        | grad-norm = 0.1066
2025-05-27 13:38:47,074 | INFO     | scripts.train | grads>>> after batch 400
2025-05-27 13:45:22,640 | INFO     | scripts.train | [Train] b= 500  loss=2.5482  acc=0.234  lr=5.00e-04
2025-05-27 13:45:22,642 | INFO     | scripts.train | grads>>>lstm.weight_ih_l0              | grad-norm = 1.4404
2025-05-27 13:45:22,642 | INFO     | scripts.train | grads>>>lstm.weight_hh_l0              | grad-norm = 7.4057
2025-05-27 13:45:22,642 | INFO     | scripts.train | grads>>>lstm.bias_ih_l0                | grad-norm = 1.8742
2025-05-27 13:45:22,642 | INFO     | scripts.train | grads>>>lstm.bias_hh_l0                | grad-norm = 1.8742
2025-05-27 13:45:22,643 | INFO     | scripts.train | grads>>>fc.weight                      | grad-norm = 0.2327
2025-05-27 13:45:22,643 | INFO     | scripts.train | grads>>>fc.bias                        | grad-norm = 0.0445
2025-05-27 13:45:22,643 | INFO     | scripts.train | grads>>> after batch 500
2025-05-27 13:51:24,065 | INFO     | scripts.train | [Train] b= 600  loss=2.5248  acc=0.195  lr=5.00e-04
2025-05-27 13:51:24,066 | INFO     | scripts.train | grads>>>lstm.weight_ih_l0              | grad-norm = 1.4095
2025-05-27 13:51:24,066 | INFO     | scripts.train | grads>>>lstm.weight_hh_l0              | grad-norm = 7.2067
2025-05-27 13:51:24,067 | INFO     | scripts.train | grads>>>lstm.bias_ih_l0                | grad-norm = 1.6791
2025-05-27 13:51:24,067 | INFO     | scripts.train | grads>>>lstm.bias_hh_l0                | grad-norm = 1.6791
2025-05-27 13:51:24,067 | INFO     | scripts.train | grads>>>fc.weight                      | grad-norm = 0.6066
2025-05-27 13:51:24,067 | INFO     | scripts.train | grads>>>fc.bias                        | grad-norm = 0.1042
2025-05-27 13:51:24,067 | INFO     | scripts.train | grads>>> after batch 600
2025-05-27 13:57:04,114 | INFO     | scripts.train | [Train] b= 700  loss=2.5096  acc=0.242  lr=5.00e-04
2025-05-27 13:57:04,116 | INFO     | scripts.train | grads>>>lstm.weight_ih_l0              | grad-norm = 1.3529
2025-05-27 13:57:04,116 | INFO     | scripts.train | grads>>>lstm.weight_hh_l0              | grad-norm = 7.5011
2025-05-27 13:57:04,116 | INFO     | scripts.train | grads>>>lstm.bias_ih_l0                | grad-norm = 1.6791
2025-05-27 13:57:04,116 | INFO     | scripts.train | grads>>>lstm.bias_hh_l0                | grad-norm = 1.6791
2025-05-27 13:57:04,116 | INFO     | scripts.train | grads>>>fc.weight                      | grad-norm = 0.5068
2025-05-27 13:57:04,116 | INFO     | scripts.train | grads>>>fc.bias                        | grad-norm = 0.0835
2025-05-27 13:57:04,116 | INFO     | scripts.train | grads>>> after batch 700
2025-05-27 14:02:40,540 | INFO     | scripts.train | [Train] b= 800  loss=2.4913  acc=0.219  lr=5.00e-04
2025-05-27 14:02:40,542 | INFO     | scripts.train | grads>>>lstm.weight_ih_l0              | grad-norm = 1.3750
2025-05-27 14:02:40,542 | INFO     | scripts.train | grads>>>lstm.weight_hh_l0              | grad-norm = 7.4952
2025-05-27 14:02:40,542 | INFO     | scripts.train | grads>>>lstm.bias_ih_l0                | grad-norm = 1.6997
2025-05-27 14:02:40,542 | INFO     | scripts.train | grads>>>lstm.bias_hh_l0                | grad-norm = 1.6997
2025-05-27 14:02:40,542 | INFO     | scripts.train | grads>>>fc.weight                      | grad-norm = 0.3866
2025-05-27 14:02:40,542 | INFO     | scripts.train | grads>>>fc.bias                        | grad-norm = 0.0586
2025-05-27 14:02:40,542 | INFO     | scripts.train | grads>>> after batch 800
2025-05-27 14:08:12,759 | INFO     | scripts.train | [Train] b= 900  loss=2.4750  acc=0.250  lr=5.00e-04
2025-05-27 14:08:12,760 | INFO     | scripts.train | grads>>>lstm.weight_ih_l0              | grad-norm = 1.1330
2025-05-27 14:08:12,760 | INFO     | scripts.train | grads>>>lstm.weight_hh_l0              | grad-norm = 4.6596
2025-05-27 14:08:12,760 | INFO     | scripts.train | grads>>>lstm.bias_ih_l0                | grad-norm = 0.7978
2025-05-27 14:08:12,760 | INFO     | scripts.train | grads>>>lstm.bias_hh_l0                | grad-norm = 0.7978
2025-05-27 14:08:12,760 | INFO     | scripts.train | grads>>>fc.weight                      | grad-norm = 0.4665
2025-05-27 14:08:12,760 | INFO     | scripts.train | grads>>>fc.bias                        | grad-norm = 0.0662
2025-05-27 14:08:12,760 | INFO     | scripts.train | grads>>> after batch 900
2025-05-27 14:10:42,222 | INFO     | scripts.train | ✅ Epoch  3 — train_loss=2.5367
2025-05-27 14:11:36,214 | INFO     | scripts.train | [Eval] loss=2.4274  acc=0.2793  f1=0.1139
2025-05-27 14:11:36,215 | INFO     | scripts.train |   cls  0 | Rcl=0.397  Prc=0.241  Acc=0.397
2025-05-27 14:11:36,215 | INFO     | scripts.train |   cls  1 | Rcl=0.000  Prc=0.000  Acc=0.000
2025-05-27 14:11:36,215 | INFO     | scripts.train |   cls  2 | Rcl=0.338  Prc=0.442  Acc=0.338
2025-05-27 14:11:36,215 | INFO     | scripts.train |   cls  3 | Rcl=0.668  Prc=0.399  Acc=0.668
2025-05-27 14:11:36,215 | INFO     | scripts.train |   cls  4 | Rcl=0.000  Prc=0.000  Acc=0.000
2025-05-27 14:11:36,215 | INFO     | scripts.train |   cls  5 | Rcl=0.352  Prc=0.355  Acc=0.352
2025-05-27 14:11:36,215 | INFO     | scripts.train |   cls  6 | Rcl=0.000  Prc=0.000  Acc=0.000
2025-05-27 14:11:36,215 | INFO     | scripts.train |   cls  7 | Rcl=0.000  Prc=0.000  Acc=0.000
2025-05-27 14:11:36,215 | INFO     | scripts.train |   cls  8 | Rcl=0.000  Prc=0.000  Acc=0.000
2025-05-27 14:11:36,215 | INFO     | scripts.train |   cls  9 | Rcl=0.010  Prc=0.263  Acc=0.010
2025-05-27 14:11:36,216 | INFO     | scripts.train |   cls 10 | Rcl=0.000  Prc=0.000  Acc=0.000
2025-05-27 14:11:36,216 | INFO     | scripts.train |   cls 11 | Rcl=0.000  Prc=0.000  Acc=0.000
2025-05-27 14:11:36,216 | INFO     | scripts.train |   cls 12 | Rcl=0.000  Prc=0.000  Acc=0.000
2025-05-27 14:11:36,216 | INFO     | scripts.train |   cls 13 | Rcl=0.729  Prc=0.234  Acc=0.729
2025-05-27 14:11:36,216 | INFO     | scripts.train |   cls 14 | Rcl=0.827  Prc=0.390  Acc=0.827
2025-05-27 14:11:36,216 | INFO     | scripts.train |   cls 15 | Rcl=0.098  Prc=0.126  Acc=0.098
2025-05-27 14:11:36,216 | INFO     | scripts.train |   cls 16 | Rcl=0.000  Prc=0.000  Acc=0.000
2025-05-27 14:11:36,216 | INFO     | scripts.train |   cls 17 | Rcl=0.000  Prc=0.000  Acc=0.000
2025-05-27 14:11:36,216 | INFO     | scripts.train |   cls 18 | Rcl=0.488  Prc=0.167  Acc=0.488
2025-05-27 14:11:36,216 | INFO     | scripts.train |   cls 19 | Rcl=0.000  Prc=0.000  Acc=0.000
2025-05-27 14:11:36,216 | INFO     | scripts.train |   cls 20 | Rcl=0.000  Prc=0.000  Acc=0.000
2025-05-27 14:11:36,216 | INFO     | scripts.train |   cls 21 | Rcl=0.000  Prc=0.000  Acc=0.000
2025-05-27 14:11:36,216 | INFO     | scripts.train |   cls 22 | Rcl=0.000  Prc=0.000  Acc=0.000
2025-05-27 14:11:36,216 | INFO     | scripts.train |   cls 23 | Rcl=0.281  Prc=0.274  Acc=0.281
2025-05-27 14:11:36,216 | INFO     | scripts.train |   cls 24 | Rcl=0.000  Prc=0.000  Acc=0.000
2025-05-27 14:11:36,216 | INFO     | scripts.train |   cls 25 | Rcl=0.000  Prc=0.000  Acc=0.000
2025-05-27 14:11:36,216 | INFO     | scripts.train |   cls 26 | Rcl=0.000  Prc=0.000  Acc=0.000
2025-05-27 14:11:36,217 | INFO     | scripts.train | 🔎 Epoch  3 — val_loss=2.4274  val_acc=0.2793  val_f1=0.1139
2025-05-27 14:17:12,926 | INFO     | scripts.train | [Train] b= 100  loss=2.3364  acc=0.297  lr=5.00e-04
2025-05-27 14:17:12,927 | INFO     | scripts.train | grads>>>lstm.weight_ih_l0              | grad-norm = 1.2538
2025-05-27 14:17:12,927 | INFO     | scripts.train | grads>>>lstm.weight_hh_l0              | grad-norm = 7.5688
2025-05-27 14:17:12,927 | INFO     | scripts.train | grads>>>lstm.bias_ih_l0                | grad-norm = 1.5917
2025-05-27 14:17:12,928 | INFO     | scripts.train | grads>>>lstm.bias_hh_l0                | grad-norm = 1.5917
2025-05-27 14:17:12,928 | INFO     | scripts.train | grads>>>fc.weight                      | grad-norm = 0.2704
2025-05-27 14:17:12,928 | INFO     | scripts.train | grads>>>fc.bias                        | grad-norm = 0.0388
2025-05-27 14:17:12,928 | INFO     | scripts.train | grads>>> after batch 100
2025-05-27 14:22:55,057 | INFO     | scripts.train | [Train] b= 200  loss=2.3504  acc=0.305  lr=5.00e-04
2025-05-27 14:22:55,059 | INFO     | scripts.train | grads>>>lstm.weight_ih_l0              | grad-norm = 1.3336
2025-05-27 14:22:55,059 | INFO     | scripts.train | grads>>>lstm.weight_hh_l0              | grad-norm = 7.4833
2025-05-27 14:22:55,059 | INFO     | scripts.train | grads>>>lstm.bias_ih_l0                | grad-norm = 1.7375
2025-05-27 14:22:55,059 | INFO     | scripts.train | grads>>>lstm.bias_hh_l0                | grad-norm = 1.7375
2025-05-27 14:22:55,059 | INFO     | scripts.train | grads>>>fc.weight                      | grad-norm = 0.4237
2025-05-27 14:22:55,059 | INFO     | scripts.train | grads>>>fc.bias                        | grad-norm = 0.0691
2025-05-27 14:22:55,059 | INFO     | scripts.train | grads>>> after batch 200
2025-05-27 14:29:54,654 | INFO     | scripts.train | [Train] b= 300  loss=2.4702  acc=0.250  lr=5.00e-04
2025-05-27 14:29:54,657 | INFO     | scripts.train | grads>>>lstm.weight_ih_l0              | grad-norm = 1.2471
2025-05-27 14:29:54,657 | INFO     | scripts.train | grads>>>lstm.weight_hh_l0              | grad-norm = 7.6011
2025-05-27 14:29:54,657 | INFO     | scripts.train | grads>>>lstm.bias_ih_l0                | grad-norm = 1.4999
2025-05-27 14:29:54,657 | INFO     | scripts.train | grads>>>lstm.bias_hh_l0                | grad-norm = 1.4999
2025-05-27 14:29:54,657 | INFO     | scripts.train | grads>>>fc.weight                      | grad-norm = 0.4059
2025-05-27 14:29:54,657 | INFO     | scripts.train | grads>>>fc.bias                        | grad-norm = 0.0613
2025-05-27 14:29:54,657 | INFO     | scripts.train | grads>>> after batch 300
2025-05-27 14:36:20,176 | INFO     | scripts.train | [Train] b= 400  loss=2.3231  acc=0.344  lr=5.00e-04
2025-05-27 14:36:20,177 | INFO     | scripts.train | grads>>>lstm.weight_ih_l0              | grad-norm = 1.1591
2025-05-27 14:36:20,177 | INFO     | scripts.train | grads>>>lstm.weight_hh_l0              | grad-norm = 7.6869
2025-05-27 14:36:20,177 | INFO     | scripts.train | grads>>>lstm.bias_ih_l0                | grad-norm = 1.2862
2025-05-27 14:36:20,177 | INFO     | scripts.train | grads>>>lstm.bias_hh_l0                | grad-norm = 1.2862
2025-05-27 14:36:20,178 | INFO     | scripts.train | grads>>>fc.weight                      | grad-norm = 0.5043
2025-05-27 14:36:20,178 | INFO     | scripts.train | grads>>>fc.bias                        | grad-norm = 0.0727
2025-05-27 14:36:20,178 | INFO     | scripts.train | grads>>> after batch 400
2025-05-27 14:41:59,560 | INFO     | scripts.train | [Train] b= 500  loss=2.2508  acc=0.305  lr=5.00e-04
2025-05-27 14:41:59,561 | INFO     | scripts.train | grads>>>lstm.weight_ih_l0              | grad-norm = 1.2381
2025-05-27 14:41:59,561 | INFO     | scripts.train | grads>>>lstm.weight_hh_l0              | grad-norm = 7.6037
2025-05-27 14:41:59,561 | INFO     | scripts.train | grads>>>lstm.bias_ih_l0                | grad-norm = 1.4716
2025-05-27 14:41:59,561 | INFO     | scripts.train | grads>>>lstm.bias_hh_l0                | grad-norm = 1.4716
2025-05-27 14:41:59,561 | INFO     | scripts.train | grads>>>fc.weight                      | grad-norm = 0.5590
2025-05-27 14:41:59,562 | INFO     | scripts.train | grads>>>fc.bias                        | grad-norm = 0.0873
2025-05-27 14:41:59,562 | INFO     | scripts.train | grads>>> after batch 500
2025-05-27 14:47:17,687 | INFO     | scripts.train | [Train] b= 600  loss=2.3844  acc=0.242  lr=5.00e-04
2025-05-27 14:47:17,688 | INFO     | scripts.train | grads>>>lstm.weight_ih_l0              | grad-norm = 1.2868
2025-05-27 14:47:17,688 | INFO     | scripts.train | grads>>>lstm.weight_hh_l0              | grad-norm = 7.5860
2025-05-27 14:47:17,688 | INFO     | scripts.train | grads>>>lstm.bias_ih_l0                | grad-norm = 1.5183
2025-05-27 14:47:17,688 | INFO     | scripts.train | grads>>>lstm.bias_hh_l0                | grad-norm = 1.5183
2025-05-27 14:47:17,689 | INFO     | scripts.train | grads>>>fc.weight                      | grad-norm = 0.4276
2025-05-27 14:47:17,689 | INFO     | scripts.train | grads>>>fc.bias                        | grad-norm = 0.0580
2025-05-27 14:47:17,689 | INFO     | scripts.train | grads>>> after batch 600
2025-05-27 14:53:30,769 | INFO     | scripts.train | [Train] b= 700  loss=2.2737  acc=0.305  lr=5.00e-04
2025-05-27 14:53:30,771 | INFO     | scripts.train | grads>>>lstm.weight_ih_l0              | grad-norm = 1.1522
2025-05-27 14:53:30,771 | INFO     | scripts.train | grads>>>lstm.weight_hh_l0              | grad-norm = 7.6396
2025-05-27 14:53:30,771 | INFO     | scripts.train | grads>>>lstm.bias_ih_l0                | grad-norm = 1.4406
2025-05-27 14:53:30,771 | INFO     | scripts.train | grads>>>lstm.bias_hh_l0                | grad-norm = 1.4406
2025-05-27 14:53:30,771 | INFO     | scripts.train | grads>>>fc.weight                      | grad-norm = 0.3931
2025-05-27 14:53:30,771 | INFO     | scripts.train | grads>>>fc.bias                        | grad-norm = 0.0568
2025-05-27 14:53:30,771 | INFO     | scripts.train | grads>>> after batch 700
2025-05-27 14:59:12,521 | INFO     | scripts.train | [Train] b= 800  loss=2.5111  acc=0.211  lr=5.00e-04
2025-05-27 14:59:12,522 | INFO     | scripts.train | grads>>>lstm.weight_ih_l0              | grad-norm = 1.2794
2025-05-27 14:59:12,522 | INFO     | scripts.train | grads>>>lstm.weight_hh_l0              | grad-norm = 7.5562
2025-05-27 14:59:12,522 | INFO     | scripts.train | grads>>>lstm.bias_ih_l0                | grad-norm = 1.5607
2025-05-27 14:59:12,522 | INFO     | scripts.train | grads>>>lstm.bias_hh_l0                | grad-norm = 1.5607
2025-05-27 14:59:12,522 | INFO     | scripts.train | grads>>>fc.weight                      | grad-norm = 0.6207
2025-05-27 14:59:12,522 | INFO     | scripts.train | grads>>>fc.bias                        | grad-norm = 0.0973
2025-05-27 14:59:12,522 | INFO     | scripts.train | grads>>> after batch 800
2025-05-27 15:04:39,260 | INFO     | scripts.train | [Train] b= 900  loss=2.3746  acc=0.328  lr=5.00e-04
2025-05-27 15:04:39,262 | INFO     | scripts.train | grads>>>lstm.weight_ih_l0              | grad-norm = 1.2044
2025-05-27 15:04:39,262 | INFO     | scripts.train | grads>>>lstm.weight_hh_l0              | grad-norm = 7.6302
2025-05-27 15:04:39,262 | INFO     | scripts.train | grads>>>lstm.bias_ih_l0                | grad-norm = 1.4366
2025-05-27 15:04:39,262 | INFO     | scripts.train | grads>>>lstm.bias_hh_l0                | grad-norm = 1.4366
2025-05-27 15:04:39,262 | INFO     | scripts.train | grads>>>fc.weight                      | grad-norm = 0.4451
2025-05-27 15:04:39,262 | INFO     | scripts.train | grads>>>fc.bias                        | grad-norm = 0.0657
2025-05-27 15:04:39,262 | INFO     | scripts.train | grads>>> after batch 900
2025-05-27 15:07:16,855 | INFO     | scripts.train | ✅ Epoch  4 — train_loss=2.3581
2025-05-27 15:08:12,365 | INFO     | scripts.train | [Eval] loss=2.2679  acc=0.3218  f1=0.1390
2025-05-27 15:08:12,366 | INFO     | scripts.train |   cls  0 | Rcl=0.606  Prc=0.266  Acc=0.606
2025-05-27 15:08:12,366 | INFO     | scripts.train |   cls  1 | Rcl=0.000  Prc=0.000  Acc=0.000
2025-05-27 15:08:12,366 | INFO     | scripts.train |   cls  2 | Rcl=0.713  Prc=0.346  Acc=0.713
2025-05-27 15:08:12,366 | INFO     | scripts.train |   cls  3 | Rcl=0.711  Prc=0.392  Acc=0.711
2025-05-27 15:08:12,366 | INFO     | scripts.train |   cls  4 | Rcl=0.001  Prc=0.048  Acc=0.001
2025-05-27 15:08:12,366 | INFO     | scripts.train |   cls  5 | Rcl=0.278  Prc=0.379  Acc=0.278
2025-05-27 15:08:12,366 | INFO     | scripts.train |   cls  6 | Rcl=0.000  Prc=0.000  Acc=0.000
2025-05-27 15:08:12,366 | INFO     | scripts.train |   cls  7 | Rcl=0.000  Prc=0.000  Acc=0.000
2025-05-27 15:08:12,366 | INFO     | scripts.train |   cls  8 | Rcl=0.000  Prc=0.000  Acc=0.000
2025-05-27 15:08:12,366 | INFO     | scripts.train |   cls  9 | Rcl=0.079  Prc=0.301  Acc=0.079
2025-05-27 15:08:12,366 | INFO     | scripts.train |   cls 10 | Rcl=0.000  Prc=0.000  Acc=0.000
2025-05-27 15:08:12,366 | INFO     | scripts.train |   cls 11 | Rcl=0.000  Prc=0.000  Acc=0.000
2025-05-27 15:08:12,366 | INFO     | scripts.train |   cls 12 | Rcl=0.000  Prc=0.000  Acc=0.000
2025-05-27 15:08:12,366 | INFO     | scripts.train |   cls 13 | Rcl=0.559  Prc=0.417  Acc=0.559
2025-05-27 15:08:12,366 | INFO     | scripts.train |   cls 14 | Rcl=0.893  Prc=0.344  Acc=0.893
2025-05-27 15:08:12,366 | INFO     | scripts.train |   cls 15 | Rcl=0.170  Prc=0.231  Acc=0.170
2025-05-27 15:08:12,366 | INFO     | scripts.train |   cls 16 | Rcl=0.143  Prc=0.341  Acc=0.143
2025-05-27 15:08:12,366 | INFO     | scripts.train |   cls 17 | Rcl=0.000  Prc=0.000  Acc=0.000
2025-05-27 15:08:12,366 | INFO     | scripts.train |   cls 18 | Rcl=0.456  Prc=0.240  Acc=0.456
2025-05-27 15:08:12,366 | INFO     | scripts.train |   cls 19 | Rcl=0.000  Prc=0.000  Acc=0.000
2025-05-27 15:08:12,366 | INFO     | scripts.train |   cls 20 | Rcl=0.000  Prc=0.000  Acc=0.000
2025-05-27 15:08:12,366 | INFO     | scripts.train |   cls 21 | Rcl=0.000  Prc=0.000  Acc=0.000
2025-05-27 15:08:12,366 | INFO     | scripts.train |   cls 22 | Rcl=0.000  Prc=0.000  Acc=0.000
2025-05-27 15:08:12,366 | INFO     | scripts.train |   cls 23 | Rcl=0.229  Prc=0.349  Acc=0.229
2025-05-27 15:08:12,366 | INFO     | scripts.train |   cls 24 | Rcl=0.000  Prc=0.000  Acc=0.000
2025-05-27 15:08:12,366 | INFO     | scripts.train |   cls 25 | Rcl=0.000  Prc=0.000  Acc=0.000
2025-05-27 15:08:12,366 | INFO     | scripts.train |   cls 26 | Rcl=0.000  Prc=0.000  Acc=0.000
2025-05-27 15:08:12,367 | INFO     | scripts.train | 🔎 Epoch  4 — val_loss=2.2679  val_acc=0.3218  val_f1=0.1390
